{"/home/ramon/Documents/rocketseat/course-nodejs/gostack-template-conceitos-nodejs/src/app.js": {"path":"/home/ramon/Documents/rocketseat/course-nodejs/gostack-template-conceitos-nodejs/src/app.js","statementMap":{"0":{"start":{"line":1,"column":16},"end":{"line":1,"column":34}},"1":{"start":{"line":2,"column":13},"end":{"line":2,"column":28}},"2":{"start":{"line":4,"column":25},"end":{"line":4,"column":42}},"3":{"start":{"line":6,"column":12},"end":{"line":6,"column":21}},"4":{"start":{"line":8,"column":0},"end":{"line":8,"column":24}},"5":{"start":{"line":9,"column":0},"end":{"line":9,"column":16}},"6":{"start":{"line":12,"column":2},"end":{"line":14,"column":3}},"7":{"start":{"line":13,"column":4},"end":{"line":13,"column":64}},"8":{"start":{"line":16,"column":2},"end":{"line":16,"column":16}},"9":{"start":{"line":19,"column":21},"end":{"line":19,"column":23}},"10":{"start":{"line":21,"column":0},"end":{"line":23,"column":3}},"11":{"start":{"line":22,"column":2},"end":{"line":22,"column":37}},"12":{"start":{"line":25,"column":0},"end":{"line":38,"column":3}},"13":{"start":{"line":26,"column":32},"end":{"line":26,"column":44}},"14":{"start":{"line":28,"column":21},"end":{"line":34,"column":3}},"15":{"start":{"line":36,"column":2},"end":{"line":36,"column":32}},"16":{"start":{"line":37,"column":2},"end":{"line":37,"column":35}},"17":{"start":{"line":40,"column":0},"end":{"line":61,"column":3}},"18":{"start":{"line":41,"column":17},"end":{"line":41,"column":31}},"19":{"start":{"line":42,"column":32},"end":{"line":42,"column":44}},"20":{"start":{"line":44,"column":26},"end":{"line":44,"column":84}},"21":{"start":{"line":44,"column":63},"end":{"line":44,"column":83}},"22":{"start":{"line":46,"column":2},"end":{"line":48,"column":3}},"23":{"start":{"line":47,"column":4},"end":{"line":47,"column":65}},"24":{"start":{"line":50,"column":21},"end":{"line":56,"column":3}},"25":{"start":{"line":58,"column":2},"end":{"line":58,"column":45}},"26":{"start":{"line":60,"column":2},"end":{"line":60,"column":53}},"27":{"start":{"line":63,"column":0},"end":{"line":74,"column":3}},"28":{"start":{"line":64,"column":17},"end":{"line":64,"column":27}},"29":{"start":{"line":66,"column":26},"end":{"line":66,"column":84}},"30":{"start":{"line":66,"column":63},"end":{"line":66,"column":83}},"31":{"start":{"line":68,"column":2},"end":{"line":70,"column":3}},"32":{"start":{"line":69,"column":4},"end":{"line":69,"column":65}},"33":{"start":{"line":72,"column":2},"end":{"line":72,"column":42}},"34":{"start":{"line":73,"column":2},"end":{"line":73,"column":44}},"35":{"start":{"line":76,"column":0},"end":{"line":91,"column":3}},"36":{"start":{"line":77,"column":17},"end":{"line":77,"column":31}},"37":{"start":{"line":79,"column":26},"end":{"line":79,"column":84}},"38":{"start":{"line":79,"column":63},"end":{"line":79,"column":83}},"39":{"start":{"line":81,"column":2},"end":{"line":83,"column":3}},"40":{"start":{"line":82,"column":4},"end":{"line":82,"column":65}},"41":{"start":{"line":85,"column":2},"end":{"line":88,"column":3}},"42":{"start":{"line":90,"column":2},"end":{"line":90,"column":54}},"43":{"start":{"line":93,"column":0},"end":{"line":93,"column":21}}},"fnMap":{"0":{"name":"validadeProjectId","decl":{"start":{"line":11,"column":9},"end":{"line":11,"column":26}},"loc":{"start":{"line":11,"column":43},"end":{"line":17,"column":1}},"line":11},"1":{"name":"(anonymous_1)","decl":{"start":{"line":21,"column":25},"end":{"line":21,"column":26}},"loc":{"start":{"line":21,"column":48},"end":{"line":23,"column":1}},"line":21},"2":{"name":"(anonymous_2)","decl":{"start":{"line":25,"column":26},"end":{"line":25,"column":27}},"loc":{"start":{"line":25,"column":49},"end":{"line":38,"column":1}},"line":25},"3":{"name":"(anonymous_3)","decl":{"start":{"line":40,"column":48},"end":{"line":40,"column":49}},"loc":{"start":{"line":40,"column":71},"end":{"line":61,"column":1}},"line":40},"4":{"name":"(anonymous_4)","decl":{"start":{"line":44,"column":49},"end":{"line":44,"column":50}},"loc":{"start":{"line":44,"column":63},"end":{"line":44,"column":83}},"line":44},"5":{"name":"(anonymous_5)","decl":{"start":{"line":63,"column":51},"end":{"line":63,"column":52}},"loc":{"start":{"line":63,"column":65},"end":{"line":74,"column":1}},"line":63},"6":{"name":"(anonymous_6)","decl":{"start":{"line":66,"column":49},"end":{"line":66,"column":50}},"loc":{"start":{"line":66,"column":63},"end":{"line":66,"column":83}},"line":66},"7":{"name":"(anonymous_7)","decl":{"start":{"line":76,"column":54},"end":{"line":76,"column":55}},"loc":{"start":{"line":76,"column":77},"end":{"line":91,"column":1}},"line":76},"8":{"name":"(anonymous_8)","decl":{"start":{"line":79,"column":49},"end":{"line":79,"column":50}},"loc":{"start":{"line":79,"column":63},"end":{"line":79,"column":83}},"line":79}},"branchMap":{"0":{"loc":{"start":{"line":12,"column":2},"end":{"line":14,"column":3}},"type":"if","locations":[{"start":{"line":12,"column":2},"end":{"line":14,"column":3}},{"start":{"line":12,"column":2},"end":{"line":14,"column":3}}],"line":12},"1":{"loc":{"start":{"line":46,"column":2},"end":{"line":48,"column":3}},"type":"if","locations":[{"start":{"line":46,"column":2},"end":{"line":48,"column":3}},{"start":{"line":46,"column":2},"end":{"line":48,"column":3}}],"line":46},"2":{"loc":{"start":{"line":68,"column":2},"end":{"line":70,"column":3}},"type":"if","locations":[{"start":{"line":68,"column":2},"end":{"line":70,"column":3}},{"start":{"line":68,"column":2},"end":{"line":70,"column":3}}],"line":68},"3":{"loc":{"start":{"line":81,"column":2},"end":{"line":83,"column":3}},"type":"if","locations":[{"start":{"line":81,"column":2},"end":{"line":83,"column":3}},{"start":{"line":81,"column":2},"end":{"line":83,"column":3}}],"line":81}},"s":{"0":2,"1":2,"2":2,"3":2,"4":2,"5":2,"6":8,"7":3,"8":5,"9":2,"10":2,"11":2,"12":2,"13":6,"14":6,"15":6,"16":6,"17":2,"18":2,"19":2,"20":2,"21":7,"22":2,"23":0,"24":2,"25":2,"26":2,"27":2,"28":1,"29":1,"30":5,"31":1,"32":0,"33":1,"34":1,"35":2,"36":2,"37":2,"38":2,"39":2,"40":0,"41":2,"42":2,"43":2},"f":{"0":8,"1":2,"2":6,"3":2,"4":7,"5":1,"6":5,"7":2,"8":2},"b":{"0":[3,5],"1":[0,2],"2":[0,1],"3":[0,2]},"_coverageSchema":"1a1c01bbd47fc00a2c39e90264f33305004495a9","hash":"04a891e20e0c54d266fb402002b1a47d7738c9e6"}
}
