TN:
SF:src/app.js
FN:11,validadeProjectId
FN:21,(anonymous_1)
FN:25,(anonymous_2)
FN:40,(anonymous_3)
FN:44,(anonymous_4)
FN:63,(anonymous_5)
FN:66,(anonymous_6)
FN:76,(anonymous_7)
FN:79,(anonymous_8)
FNF:9
FNH:9
FNDA:8,validadeProjectId
FNDA:2,(anonymous_1)
FNDA:6,(anonymous_2)
FNDA:2,(anonymous_3)
FNDA:7,(anonymous_4)
FNDA:1,(anonymous_5)
FNDA:5,(anonymous_6)
FNDA:2,(anonymous_7)
FNDA:2,(anonymous_8)
DA:1,2
DA:2,2
DA:4,2
DA:6,2
DA:8,2
DA:9,2
DA:12,8
DA:13,3
DA:16,5
DA:19,2
DA:21,2
DA:22,2
DA:25,2
DA:26,6
DA:28,6
DA:36,6
DA:37,6
DA:40,2
DA:41,2
DA:42,2
DA:44,7
DA:46,2
DA:47,0
DA:50,2
DA:58,2
DA:60,2
DA:63,2
DA:64,1
DA:66,5
DA:68,1
DA:69,0
DA:72,1
DA:73,1
DA:76,2
DA:77,2
DA:79,2
DA:81,2
DA:82,0
DA:85,2
DA:90,2
DA:93,2
LF:41
LH:38
BRDA:12,0,0,3
BRDA:12,0,1,5
BRDA:46,1,0,0
BRDA:46,1,1,2
BRDA:68,2,0,0
BRDA:68,2,1,1
BRDA:81,3,0,0
BRDA:81,3,1,2
BRF:8
BRH:5
end_of_record
